  ClientLinkList.cpp
C:\Users\admin\Desktop\Mywinsockproject\server_project\server_project\ClientLinkList.cpp(169,5): warning C4996: 'sprintf': This function or variable may be unsafe. Consider using sprintf_s instead. To disable deprecation, use _CRT_SECURE_NO_WARNINGS. See online help for details.
C:\Users\admin\Desktop\Mywinsockproject\server_project\server_project\ClientLinkList.cpp(198,3): warning C4996: 'sprintf': This function or variable may be unsafe. Consider using sprintf_s instead. To disable deprecation, use _CRT_SECURE_NO_WARNINGS. See online help for details.
C:\Users\admin\Desktop\Mywinsockproject\server_project\server_project\ClientLinkList.cpp(199,15): warning C4996: 'strtok': This function or variable may be unsafe. Consider using strtok_s instead. To disable deprecation, use _CRT_SECURE_NO_WARNINGS. See online help for details.
C:\Users\admin\Desktop\Mywinsockproject\server_project\server_project\ClientLinkList.cpp(202,5): warning C4996: 'sprintf': This function or variable may be unsafe. Consider using sprintf_s instead. To disable deprecation, use _CRT_SECURE_NO_WARNINGS. See online help for details.
C:\Users\admin\Desktop\Mywinsockproject\server_project\server_project\ClientLinkList.cpp(204,5): warning C4996: 'sprintf': This function or variable may be unsafe. Consider using sprintf_s instead. To disable deprecation, use _CRT_SECURE_NO_WARNINGS. See online help for details.
C:\Users\admin\Desktop\Mywinsockproject\server_project\server_project\ClientLinkList.cpp(211,4): warning C4996: 'sprintf': This function or variable may be unsafe. Consider using sprintf_s instead. To disable deprecation, use _CRT_SECURE_NO_WARNINGS. See online help for details.
C:\Users\admin\Desktop\Mywinsockproject\server_project\server_project\ClientLinkList.cpp(220,3): warning C4996: 'sprintf': This function or variable may be unsafe. Consider using sprintf_s instead. To disable deprecation, use _CRT_SECURE_NO_WARNINGS. See online help for details.
C:\Users\admin\Desktop\Mywinsockproject\server_project\server_project\ClientLinkList.cpp(221,15): warning C4996: 'strtok': This function or variable may be unsafe. Consider using strtok_s instead. To disable deprecation, use _CRT_SECURE_NO_WARNINGS. See online help for details.
C:\Users\admin\Desktop\Mywinsockproject\server_project\server_project\ClientLinkList.cpp(223,4): warning C4996: 'sprintf': This function or variable may be unsafe. Consider using sprintf_s instead. To disable deprecation, use _CRT_SECURE_NO_WARNINGS. See online help for details.
  server.cpp
C:\Users\admin\Desktop\Mywinsockproject\server_project\server_project\server.cpp(58,7): warning C4013: “gets”未定义；假设外部返回 int
C:\Users\admin\Desktop\Mywinsockproject\server_project\server_project\server.cpp(240,10): warning C4996: 'strcpy': This function or variable may be unsafe. Consider using strcpy_s instead. To disable deprecation, use _CRT_SECURE_NO_WARNINGS. See online help for details.
C:\Users\admin\Desktop\Mywinsockproject\server_project\server_project\server.cpp(308,10): warning C4996: 'strcpy': This function or variable may be unsafe. Consider using strcpy_s instead. To disable deprecation, use _CRT_SECURE_NO_WARNINGS. See online help for details.
C:\Users\admin\Desktop\Mywinsockproject\server_project\server_project\server.cpp(162,22): warning C4996: 'inet_ntoa': Use inet_ntop() or InetNtop() instead or define _WINSOCK_DEPRECATED_NO_WARNINGS to disable deprecated API warnings
C:\Users\admin\Desktop\Mywinsockproject\server_project\server_project\server.cpp(207,5): warning C4996: 'sprintf': This function or variable may be unsafe. Consider using sprintf_s instead. To disable deprecation, use _CRT_SECURE_NO_WARNINGS. See online help for details.
C:\Users\admin\Desktop\Mywinsockproject\server_project\server_project\server.cpp(211,5): warning C4996: 'sprintf': This function or variable may be unsafe. Consider using sprintf_s instead. To disable deprecation, use _CRT_SECURE_NO_WARNINGS. See online help for details.
C:\Users\admin\Desktop\Mywinsockproject\server_project\server_project\server.cpp(221,4): warning C4996: 'sprintf': This function or variable may be unsafe. Consider using sprintf_s instead. To disable deprecation, use _CRT_SECURE_NO_WARNINGS. See online help for details.
C:\Users\admin\Desktop\Mywinsockproject\server_project\server_project\server.cpp(226,4): warning C4996: 'sprintf': This function or variable may be unsafe. Consider using sprintf_s instead. To disable deprecation, use _CRT_SECURE_NO_WARNINGS. See online help for details.
C:\Users\admin\Desktop\Mywinsockproject\server_project\server_project\server.cpp(231,4): warning C4996: 'sprintf': This function or variable may be unsafe. Consider using sprintf_s instead. To disable deprecation, use _CRT_SECURE_NO_WARNINGS. See online help for details.
C:\Users\admin\Desktop\Mywinsockproject\server_project\server_project\server.cpp(241,16): warning C4996: 'strtok': This function or variable may be unsafe. Consider using strtok_s instead. To disable deprecation, use _CRT_SECURE_NO_WARNINGS. See online help for details.
C:\Users\admin\Desktop\Mywinsockproject\server_project\server_project\server.cpp(243,22): warning C4996: 'strtok': This function or variable may be unsafe. Consider using strtok_s instead. To disable deprecation, use _CRT_SECURE_NO_WARNINGS. See online help for details.
C:\Users\admin\Desktop\Mywinsockproject\server_project\server_project\server.cpp(244,28): warning C4996: 'strtok': This function or variable may be unsafe. Consider using strtok_s instead. To disable deprecation, use _CRT_SECURE_NO_WARNINGS. See online help for details.
C:\Users\admin\Desktop\Mywinsockproject\server_project\server_project\server.cpp(284,5): warning C4996: 'sprintf': This function or variable may be unsafe. Consider using sprintf_s instead. To disable deprecation, use _CRT_SECURE_NO_WARNINGS. See online help for details.
C:\Users\admin\Desktop\Mywinsockproject\server_project\server_project\server.cpp(288,4): warning C4996: 'sprintf': This function or variable may be unsafe. Consider using sprintf_s instead. To disable deprecation, use _CRT_SECURE_NO_WARNINGS. See online help for details.
C:\Users\admin\Desktop\Mywinsockproject\server_project\server_project\server.cpp(309,16): warning C4996: 'strtok': This function or variable may be unsafe. Consider using strtok_s instead. To disable deprecation, use _CRT_SECURE_NO_WARNINGS. See online help for details.
C:\Users\admin\Desktop\Mywinsockproject\server_project\server_project\server.cpp(311,22): warning C4996: 'strtok': This function or variable may be unsafe. Consider using strtok_s instead. To disable deprecation, use _CRT_SECURE_NO_WARNINGS. See online help for details.
C:\Users\admin\Desktop\Mywinsockproject\server_project\server_project\server.cpp(312,28): warning C4996: 'strtok': This function or variable may be unsafe. Consider using strtok_s instead. To disable deprecation, use _CRT_SECURE_NO_WARNINGS. See online help for details.
C:\Users\admin\Desktop\Mywinsockproject\server_project\server_project\server.cpp(342,5): warning C4996: 'sprintf': This function or variable may be unsafe. Consider using sprintf_s instead. To disable deprecation, use _CRT_SECURE_NO_WARNINGS. See online help for details.
C:\Users\admin\Desktop\Mywinsockproject\server_project\server_project\server.cpp(349,4): warning C4996: 'sprintf': This function or variable may be unsafe. Consider using sprintf_s instead. To disable deprecation, use _CRT_SECURE_NO_WARNINGS. See online help for details.
C:\Users\admin\Desktop\Mywinsockproject\server_project\server_project\server.cpp(446,9): warning C4996: 'strcpy': This function or variable may be unsafe. Consider using strcpy_s instead. To disable deprecation, use _CRT_SECURE_NO_WARNINGS. See online help for details.
C:\Users\admin\Desktop\Mywinsockproject\server_project\server_project\server.cpp(464,22): warning C4133: “=”: 从“node *”到“Group *”的类型不兼容
C:\Users\admin\Desktop\Mywinsockproject\server_project\server_project\server.cpp(466,28): warning C4133: “=”: 从“Group *”到“node *”的类型不兼容
C:\Users\admin\Desktop\Mywinsockproject\server_project\server_project\server.cpp(483,11): warning C4996: 'strcpy': This function or variable may be unsafe. Consider using strcpy_s instead. To disable deprecation, use _CRT_SECURE_NO_WARNINGS. See online help for details.
C:\Users\admin\Desktop\Mywinsockproject\server_project\server_project\server.cpp(477,10): warning C4996: 'strtok': This function or variable may be unsafe. Consider using strtok_s instead. To disable deprecation, use _CRT_SECURE_NO_WARNINGS. See online help for details.
C:\Users\admin\Desktop\Mywinsockproject\server_project\server_project\server.cpp(484,5): warning C4996: 'sprintf': This function or variable may be unsafe. Consider using sprintf_s instead. To disable deprecation, use _CRT_SECURE_NO_WARNINGS. See online help for details.
C:\Users\admin\Desktop\Mywinsockproject\server_project\server_project\server.cpp(497,11): warning C4996: 'strtok': This function or variable may be unsafe. Consider using strtok_s instead. To disable deprecation, use _CRT_SECURE_NO_WARNINGS. See online help for details.
C:\Users\admin\Desktop\Mywinsockproject\server_project\server_project\server.cpp(551,26): warning C4133: “=”: 从“node *”到“Group *”的类型不兼容
C:\Users\admin\Desktop\Mywinsockproject\server_project\server_project\server.cpp(571,9): warning C4996: 'strcpy': This function or variable may be unsafe. Consider using strcpy_s instead. To disable deprecation, use _CRT_SECURE_NO_WARNINGS. See online help for details.
C:\Users\admin\Desktop\Mywinsockproject\server_project\server_project\server.cpp(582,8): warning C4996: 'strcpy': This function or variable may be unsafe. Consider using strcpy_s instead. To disable deprecation, use _CRT_SECURE_NO_WARNINGS. See online help for details.
C:\Users\admin\Desktop\Mywinsockproject\server_project\server_project\server.cpp(585,25): warning C4133: “=”: 从“node *”到“Group *”的类型不兼容
C:\Users\admin\Desktop\Mywinsockproject\server_project\server_project\server.cpp(586,3): warning C4996: 'sprintf': This function or variable may be unsafe. Consider using sprintf_s instead. To disable deprecation, use _CRT_SECURE_NO_WARNINGS. See online help for details.
C:\Users\admin\Desktop\Mywinsockproject\server_project\server_project\server.cpp(605,9): warning C4996: 'strcpy': This function or variable may be unsafe. Consider using strcpy_s instead. To disable deprecation, use _CRT_SECURE_NO_WARNINGS. See online help for details.
C:\Users\admin\Desktop\Mywinsockproject\server_project\server_project\server.cpp(616,8): warning C4996: 'strcpy': This function or variable may be unsafe. Consider using strcpy_s instead. To disable deprecation, use _CRT_SECURE_NO_WARNINGS. See online help for details.
C:\Users\admin\Desktop\Mywinsockproject\server_project\server_project\server.cpp(619,24): warning C4133: “=”: 从“node *”到“User *”的类型不兼容
C:\Users\admin\Desktop\Mywinsockproject\server_project\server_project\server.cpp(620,3): warning C4996: 'sprintf': This function or variable may be unsafe. Consider using sprintf_s instead. To disable deprecation, use _CRT_SECURE_NO_WARNINGS. See online help for details.
C:\Users\admin\Desktop\Mywinsockproject\server_project\server_project\server.cpp(650,10): warning C4996: 'strcpy': This function or variable may be unsafe. Consider using strcpy_s instead. To disable deprecation, use _CRT_SECURE_NO_WARNINGS. See online help for details.
C:\Users\admin\Desktop\Mywinsockproject\server_project\server_project\server.cpp(653,4): warning C4996: 'sprintf': This function or variable may be unsafe. Consider using sprintf_s instead. To disable deprecation, use _CRT_SECURE_NO_WARNINGS. See online help for details.
  正在生成代码
  Previous IPDB not found, fall back to full compilation.
  All 26 functions were compiled because no usable IPDB/IOBJ from previous compilation was found.
  已完成代码的生成
  server_project.vcxproj -> C:\Users\admin\Desktop\Mywinsockproject\server_project\Release\server_project.exe
